---------- Date: 2016-03-04 21:11:08 ~ IP : 127.0.0.1 ----------
REQUEST URI : /index.php?route=common/home
MOD DETAILS:
   modFile   : /Applications/XAMPP/xamppfiles/htdocs/oc22/www/vqmod/xml/default_email_template.xml
   id        : VQMOD CORE FOR OPENCART - DO NOT REMOVE
   version   : 1.4.x and 1.5.x
   vqmver    : 2.4.0
   author    : vqmod.com
VQModObject::parseMods - Could not resolve path for [admin/model/sale/customer.php] (SKIPPED)
VQModObject::parseMods - Could not resolve path for [admin/model/sale/customer.php] (SKIPPED)
VQModObject::parseMods - Could not resolve path for [admin/model/sale/customer.php] (SKIPPED)
VQModObject::parseMods - Could not resolve path for [admin/model/sale/customer.php] (SKIPPED)

MOD DETAILS:
   modFile   : /Applications/XAMPP/xamppfiles/htdocs/oc22/www/vqmod/xml/preorder.xml
   id        : 
   version   : 1.1
   vqmver    : 
   author    : iSenseLabs
VQModObject::parseMods - Could not resolve path for [system/library/cart.php] (SKIPPED)
----------------------------------------------------------------------


---------- Date: 2016-03-04 21:11:21 ~ IP : 127.0.0.1 ----------
REQUEST URI : /admin/index.php?route=common/dashboard&token=A3x9D4xG9cQCyg48q6MIKUyMoJiGXElD
MOD DETAILS:
   modFile   : /Applications/XAMPP/xamppfiles/htdocs/oc22/www/vqmod/xml/default_email_template.xml
   id        : VQMOD CORE FOR OPENCART - DO NOT REMOVE
   version   : 1.4.x and 1.5.x
   vqmver    : 2.4.0
   author    : vqmod.com

File Name    : admin/model/sale/order.php(0)
VQModObject::applyMod - SEARCH NOT FOUND (ABORTING MOD): $mail->setFrom($this->config->get('config_email'));

MOD DETAILS:
   modFile   : /Applications/XAMPP/xamppfiles/htdocs/oc22/www/vqmod/xml/preorder.xml
   id        : 
   version   : 1.1
   vqmver    : 
   author    : iSenseLabs

File Name    : admin/model/sale/order.php(1)
VQModObject::applyMod - SEARCH NOT FOUND (ABORTING MOD): $sql = "SELECT o.order_id, CONCAT(o.firstname, ' ', o.lastname) AS customer, (SELECT os.name FROM " . DB_PREFIX . "order_status os WHERE os.order_status_id = o.order_status_id AND os.language_id = '" . (int)$this->config->get('config_language_id') . "') AS status, o.total, o.currency_code, o.currency_value, o.date_added, o.date_modified FROM `" . DB_PREFIX . "order` o";
----------------------------------------------------------------------


---------- Date: 2016-03-04 21:11:27 ~ IP : 127.0.0.1 ----------
REQUEST URI : /admin/index.php?route=catalog/product&token=A3x9D4xG9cQCyg48q6MIKUyMoJiGXElD
MOD DETAILS:
   modFile   : /Applications/XAMPP/xamppfiles/htdocs/oc22/www/vqmod/xml/preorder.xml
   id        : 
   version   : 1.1
   vqmver    : 
   author    : iSenseLabs

File Name    : admin/controller/catalog/product.php(1)
VQModObject::applyMod - SEARCH NOT FOUND (ABORTING MOD): $this->template = 'catalog/product_form.tpl';
----------------------------------------------------------------------


